  AnimatedTexture.cpp
  Arrive.cpp
C:\Users\jacms\OneDrive\Documentos\POO3\ProyectoFinal_POO3_JuanCastro13980\ProyectoFinal_Match3\ProyectoFinal_Match3\Timer.h(4,10): fatal error C1083: Cannot open include file: 'SDL.h': No such file or directory
  AssetManager.cpp
C:\Users\jacms\OneDrive\Documentos\POO3\ProyectoFinal_POO3_JuanCastro13980\ProyectoFinal_Match3\ProyectoFinal_Match3\Timer.h(4,10): fatal error C1083: Cannot open include file: 'SDL.h': No such file or directory
  AudioManager.cpp
C:\Users\jacms\OneDrive\Documentos\POO3\ProyectoFinal_POO3_JuanCastro13980\ProyectoFinal_Match3\ProyectoFinal_Match3\Graphics.h(6,10): fatal error C1083: Cannot open include file: 'SDL.h': No such file or directory
  BoxCollider.cpp
C:\Users\jacms\OneDrive\Documentos\POO3\ProyectoFinal_POO3_JuanCastro13980\ProyectoFinal_Match3\ProyectoFinal_Match3\Graphics.h(6,10): fatal error C1083: Cannot open include file: 'SDL.h': No such file or directory
  Collider.cpp
C:\Users\jacms\OneDrive\Documentos\POO3\ProyectoFinal_POO3_JuanCastro13980\ProyectoFinal_Match3\ProyectoFinal_Match3\Graphics.h(6,10): fatal error C1083: Cannot open include file: 'SDL.h': No such file or directory
  Evade.cpp
C:\Users\jacms\OneDrive\Documentos\POO3\ProyectoFinal_POO3_JuanCastro13980\ProyectoFinal_Match3\ProyectoFinal_Match3\Graphics.h(6,10): fatal error C1083: Cannot open include file: 'SDL.h': No such file or directory
  Flee.cpp
C:\Users\jacms\OneDrive\Documentos\POO3\ProyectoFinal_POO3_JuanCastro13980\ProyectoFinal_Match3\ProyectoFinal_Match3\Timer.h(4,10): fatal error C1083: Cannot open include file: 'SDL.h': No such file or directory
  GameEntity.cpp
C:\Users\jacms\OneDrive\Documentos\POO3\ProyectoFinal_POO3_JuanCastro13980\ProyectoFinal_Match3\ProyectoFinal_Match3\Timer.h(4,10): fatal error C1083: Cannot open include file: 'SDL.h': No such file or directory
C:\Users\jacms\OneDrive\Documentos\POO3\ProyectoFinal_POO3_JuanCastro13980\ProyectoFinal_Match3\ProyectoFinal_Match3\GameEntity.cpp(58,12): warning C4244: 'initializing': conversion from 'float' to 'int', possible loss of data
  GameManager.cpp
C:\Users\jacms\OneDrive\Documentos\POO3\ProyectoFinal_POO3_JuanCastro13980\ProyectoFinal_Match3\ProyectoFinal_Match3\GameEntity.cpp(63,12): warning C4244: 'initializing': conversion from 'float' to 'int', possible loss of data
  Graphics.cpp
C:\Users\jacms\OneDrive\Documentos\POO3\ProyectoFinal_POO3_JuanCastro13980\ProyectoFinal_Match3\ProyectoFinal_Match3\Graphics.h(6,10): fatal error C1083: Cannot open include file: 'SDL.h': No such file or directory
  Hide.cpp
C:\Users\jacms\OneDrive\Documentos\POO3\ProyectoFinal_POO3_JuanCastro13980\ProyectoFinal_Match3\ProyectoFinal_Match3\Graphics.h(6,10): fatal error C1083: Cannot open include file: 'SDL.h': No such file or directory
  ini.cpp
  INIReader.cpp
  InputManager.cpp
C:\Users\jacms\OneDrive\Documentos\POO3\ProyectoFinal_POO3_JuanCastro13980\ProyectoFinal_Match3\ProyectoFinal_Match3\Timer.h(4,10): fatal error C1083: Cannot open include file: 'SDL.h': No such file or directory
  Interpose.cpp
C:\Users\jacms\OneDrive\Documentos\POO3\ProyectoFinal_POO3_JuanCastro13980\ProyectoFinal_Match3\ProyectoFinal_Match3\InputManager.h(5,10): fatal error C1083: Cannot open include file: 'SDL.h': No such file or directory
  main.cpp
C:\Users\jacms\OneDrive\Documentos\POO3\ProyectoFinal_POO3_JuanCastro13980\ProyectoFinal_Match3\ProyectoFinal_Match3\Timer.h(4,10): fatal error C1083: Cannot open include file: 'SDL.h': No such file or directory
  Obstacle.cpp
C:\Users\jacms\OneDrive\Documentos\POO3\ProyectoFinal_POO3_JuanCastro13980\ProyectoFinal_Match3\ProyectoFinal_Match3\Graphics.h(6,10): fatal error C1083: Cannot open include file: 'SDL.h': No such file or directory
  Offset.cpp
C:\Users\jacms\OneDrive\Documentos\POO3\ProyectoFinal_POO3_JuanCastro13980\ProyectoFinal_Match3\ProyectoFinal_Match3\Timer.h(4,10): fatal error C1083: Cannot open include file: 'SDL.h': No such file or directory
  Path.cpp
C:\Users\jacms\OneDrive\Documentos\POO3\ProyectoFinal_POO3_JuanCastro13980\ProyectoFinal_Match3\ProyectoFinal_Match3\Timer.h(4,10): fatal error C1083: Cannot open include file: 'SDL.h': No such file or directory
  Compiling...
  PhysEntity.cpp
C:\Users\jacms\OneDrive\Documentos\POO3\ProyectoFinal_POO3_JuanCastro13980\ProyectoFinal_Match3\ProyectoFinal_Match3\Timer.h(4,10): fatal error C1083: Cannot open include file: 'SDL.h': No such file or directory
  Player.cpp
C:\Users\jacms\OneDrive\Documentos\POO3\ProyectoFinal_POO3_JuanCastro13980\ProyectoFinal_Match3\ProyectoFinal_Match3\Graphics.h(6,10): fatal error C1083: Cannot open include file: 'SDL.h': No such file or directory
  Pursuit.cpp
C:\Users\jacms\OneDrive\Documentos\POO3\ProyectoFinal_POO3_JuanCastro13980\ProyectoFinal_Match3\ProyectoFinal_Match3\Timer.h(4,10): fatal error C1083: Cannot open include file: 'SDL.h': No such file or directory
  ScreenManager.cpp
C:\Users\jacms\OneDrive\Documentos\POO3\ProyectoFinal_POO3_JuanCastro13980\ProyectoFinal_Match3\ProyectoFinal_Match3\Timer.h(4,10): fatal error C1083: Cannot open include file: 'SDL.h': No such file or directory
  Seek.cpp
C:\Users\jacms\OneDrive\Documentos\POO3\ProyectoFinal_POO3_JuanCastro13980\ProyectoFinal_Match3\ProyectoFinal_Match3\Timer.h(4,10): fatal error C1083: Cannot open include file: 'SDL.h': No such file or directory
  StackAllocator.cpp
C:\Users\jacms\OneDrive\Documentos\POO3\ProyectoFinal_POO3_JuanCastro13980\ProyectoFinal_Match3\ProyectoFinal_Match3\Timer.h(4,10): fatal error C1083: Cannot open include file: 'SDL.h': No such file or directory
  StartScreen.cpp
C:\Users\jacms\OneDrive\Documentos\POO3\ProyectoFinal_POO3_JuanCastro13980\ProyectoFinal_Match3\ProyectoFinal_Match3\StackAllocator.cpp(8,17): warning C4267: '=': conversion from 'size_t' to 'int', possible loss of data
  Texture.cpp
C:\Users\jacms\OneDrive\Documentos\POO3\ProyectoFinal_POO3_JuanCastro13980\ProyectoFinal_Match3\ProyectoFinal_Match3\Timer.h(4,10): fatal error C1083: Cannot open include file: 'SDL.h': No such file or directory
  Timer.cpp
C:\Users\jacms\OneDrive\Documentos\POO3\ProyectoFinal_POO3_JuanCastro13980\ProyectoFinal_Match3\ProyectoFinal_Match3\Graphics.h(6,10): fatal error C1083: Cannot open include file: 'SDL.h': No such file or directory
  Wall.cpp
C:\Users\jacms\OneDrive\Documentos\POO3\ProyectoFinal_POO3_JuanCastro13980\ProyectoFinal_Match3\ProyectoFinal_Match3\Timer.h(4,10): fatal error C1083: Cannot open include file: 'SDL.h': No such file or directory
  Wander.cpp
C:\Users\jacms\OneDrive\Documentos\POO3\ProyectoFinal_POO3_JuanCastro13980\ProyectoFinal_Match3\ProyectoFinal_Match3\Timer.h(4,10): fatal error C1083: Cannot open include file: 'SDL.h': No such file or directory
C:\Users\jacms\OneDrive\Documentos\POO3\ProyectoFinal_POO3_JuanCastro13980\ProyectoFinal_Match3\ProyectoFinal_Match3\Timer.h(4,10): fatal error C1083: Cannot open include file: 'SDL.h': No such file or directory
